<?xml version="1.0" encoding="UTF-8"?>
<!-- Generated by org.testng.reporters.JUnitReportReporter -->
<testsuite skipped="0" hostname="administrator-Latitude-3450" name="datadriven.datadriventesting" tests="1" failures="0" timestamp="2021-10-26T20:49:53 IST" time="0.035" errors="0">
  <testcase name="Data" time="0.035" classname="datadriven.datadriventesting"/>
  <system-out/>
</testsuite> <!-- datadriven.datadriventesting -->
